2007.11.06 13:01 B D:\Websites\ElegantWPThemes\demo\wp-content\themes\soloss\images\bg.gif --> ftp.elegantwpthemes.com /public_html/demo/wp-content/themes/soloss/images bg.gif
2007.11.06 13:01 B D:\Websites\ElegantWPThemes\demo\wp-content\themes\soloss\images\bullet.gif --> ftp.elegantwpthemes.com /public_html/demo/wp-content/themes/soloss/images bullet.gif
2007.11.06 13:01 B D:\Websites\ElegantWPThemes\demo\wp-content\themes\soloss\images\comment.gif --> ftp.elegantwpthemes.com /public_html/demo/wp-content/themes/soloss/images comment.gif
2007.11.06 13:01 B D:\Websites\ElegantWPThemes\demo\wp-content\themes\soloss\images\deli.gif --> ftp.elegantwpthemes.com /public_html/demo/wp-content/themes/soloss/images deli.gif
2007.11.06 13:01 B D:\Websites\ElegantWPThemes\demo\wp-content\themes\soloss\images\df_125x125.gif --> ftp.elegantwpthemes.com /public_html/demo/wp-content/themes/soloss/images df_125x125.gif
2007.11.06 13:01 B D:\Websites\ElegantWPThemes\demo\wp-content\themes\soloss\images\digg.gif --> ftp.elegantwpthemes.com /public_html/demo/wp-content/themes/soloss/images digg.gif
2007.11.06 13:01 B D:\Websites\ElegantWPThemes\demo\wp-content\themes\soloss\images\email.gif --> ftp.elegantwpthemes.com /public_html/demo/wp-content/themes/soloss/images email.gif
2007.11.06 13:01 B D:\Websites\ElegantWPThemes\demo\wp-content\themes\soloss\images\footer.gif --> ftp.elegantwpthemes.com /public_html/demo/wp-content/themes/soloss/images footer.gif
2007.11.06 13:02 B D:\Websites\ElegantWPThemes\demo\wp-content\themes\soloss\images\freshbooks125x125.gif --> ftp.elegantwpthemes.com /public_html/demo/wp-content/themes/soloss/images freshbooks125x125.gif
2007.11.06 13:02 B D:\Websites\ElegantWPThemes\demo\wp-content\themes\soloss\images\h1.gif --> ftp.elegantwpthemes.com /public_html/demo/wp-content/themes/soloss/images h1.gif
2007.11.06 13:02 B D:\Websites\ElegantWPThemes\demo\wp-content\themes\soloss\images\home.gif --> ftp.elegantwpthemes.com /public_html/demo/wp-content/themes/soloss/images home.gif
2007.11.06 13:02 B D:\Websites\ElegantWPThemes\demo\wp-content\themes\soloss\images\light_125x125.jpg --> ftp.elegantwpthemes.com /public_html/demo/wp-content/themes/soloss/images light_125x125.jpg
2007.11.06 13:02 B D:\Websites\ElegantWPThemes\demo\wp-content\themes\soloss\images\mosso_125x125.jpg --> ftp.elegantwpthemes.com /public_html/demo/wp-content/themes/soloss/images mosso_125x125.jpg
2007.11.06 13:02 B D:\Websites\ElegantWPThemes\demo\wp-content\themes\soloss\images\permalink.gif --> ftp.elegantwpthemes.com /public_html/demo/wp-content/themes/soloss/images permalink.gif
2007.11.06 13:02 B D:\Websites\ElegantWPThemes\demo\wp-content\themes\soloss\images\rss.gif --> ftp.elegantwpthemes.com /public_html/demo/wp-content/themes/soloss/images rss.gif
2007.11.06 13:02 B D:\Websites\ElegantWPThemes\demo\wp-content\themes\soloss\images\rssfeed.png --> ftp.elegantwpthemes.com /public_html/demo/wp-content/themes/soloss/images rssfeed.png
2007.11.06 13:02 B D:\Websites\ElegantWPThemes\demo\wp-content\themes\soloss\images\side-bar.gif --> ftp.elegantwpthemes.com /public_html/demo/wp-content/themes/soloss/images side-bar.gif
2007.11.06 13:02 B D:\Websites\ElegantWPThemes\demo\wp-content\themes\soloss\images\social.gif --> ftp.elegantwpthemes.com /public_html/demo/wp-content/themes/soloss/images social.gif
2007.11.06 13:02 B D:\Websites\ElegantWPThemes\demo\wp-content\themes\soloss\images\spacer.gif --> ftp.elegantwpthemes.com /public_html/demo/wp-content/themes/soloss/images spacer.gif
2007.11.06 13:02 B D:\Websites\ElegantWPThemes\demo\wp-content\themes\soloss\images\Thumbs.db --> ftp.elegantwpthemes.com /public_html/demo/wp-content/themes/soloss/images Thumbs.db
